@!@!@STARTMSG 2262:0 @!@!@
TLC2 Version 2.14 of 10 July 2019
@!@!@ENDMSG 2262 @!@!@
@!@!@STARTMSG 2187:0 @!@!@
Running breadth-first search Model-Checking with fp 44 and seed 6044759425073573389 with 6 workers on 8 cores with 3769MB heap and 8474MB offheap memory [pid: 27738] (Linux 4.15.0-72-generic amd64, AdoptOpenJDK 11.0.3 x86_64, OffHeapDiskFPSet, DiskStateQueue).
@!@!@ENDMSG 2187 @!@!@
@!@!@STARTMSG 2220:0 @!@!@
Starting SANY...
@!@!@ENDMSG 2220 @!@!@
Parsing file /home/ricardo/scs/SCS.toolbox/Model_7/MC.tla
Parsing file /home/ricardo/scs/SCS.toolbox/Model_7/SCS.tla
Parsing file /home/ricardo/em/programas/TLAToolbox-1.6.0-linux.gtk.x86_64/toolbox/plugins/org.lamport.tlatools_1.0.0.201907102009/tla2sany/StandardModules/TLC.tla
Parsing file /home/ricardo/em/programas/TLAToolbox-1.6.0-linux.gtk.x86_64/toolbox/plugins/org.lamport.tlatools_1.0.0.201907102009/tla2sany/StandardModules/Integers.tla
Parsing file /home/ricardo/em/programas/TLAToolbox-1.6.0-linux.gtk.x86_64/toolbox/plugins/org.lamport.tlatools_1.0.0.201907102009/tla2sany/StandardModules/Naturals.tla
Parsing file /home/ricardo/em/programas/TLAToolbox-1.6.0-linux.gtk.x86_64/toolbox/plugins/org.lamport.tlatools_1.0.0.201907102009/tla2sany/StandardModules/Sequences.tla
Parsing file /home/ricardo/em/programas/TLAToolbox-1.6.0-linux.gtk.x86_64/toolbox/plugins/org.lamport.tlatools_1.0.0.201907102009/tla2sany/StandardModules/FiniteSets.tla
Semantic processing of module Naturals
Semantic processing of module Integers
Semantic processing of module SCS
Semantic processing of module Sequences
Semantic processing of module FiniteSets
Semantic processing of module TLC
Semantic processing of module MC
@!@!@STARTMSG 2219:0 @!@!@
SANY finished.
@!@!@ENDMSG 2219 @!@!@
@!@!@STARTMSG 2185:0 @!@!@
Starting... (2020-01-09 18:46:00)
@!@!@ENDMSG 2185 @!@!@
@!@!@STARTMSG 2189:0 @!@!@
Computing initial states...
@!@!@ENDMSG 2189 @!@!@
@!@!@STARTMSG 2102:1 @!@!@
@!@!@STARTMSG 2215:0 @!@!@
TLC expected a boolean value, but did not find one. 1
@!@!@ENDMSG 2215 @!@!@
While working on the initial state:
/\ speed = 1
/\ brakePedal = "unpressed"
/\ desiredLimit = 1
/\ desiredSpeed = 1
/\ lever = 0
/\ cc = "off"
/\ engine = "off"
/\ gasPedal = "unpressed"
/\ sl = "off"
/\ visualWarn = "off"
/\ acousticWarn = "off"
/\ frontCarGap = 1
/\ slWarn = "off"

@!@!@ENDMSG 2102 @!@!@
@!@!@STARTMSG 2103:1 @!@!@
The error occurred when TLC was evaluating the nested
expressions at the following positions:
0. Line 290, column 9 to line 302, column 31 in SCS
1. Line 290, column 12 to line 290, column 31 in SCS
2. Line 291, column 12 to line 291, column 37 in SCS
3. Line 292, column 12 to line 292, column 31 in SCS
4. Line 293, column 12 to line 293, column 30 in SCS
5. Line 294, column 12 to line 294, column 30 in SCS
6. Line 295, column 12 to line 295, column 31 in SCS
7. Line 296, column 12 to line 296, column 30 in SCS
8. Line 297, column 12 to line 297, column 37 in SCS
9. Line 298, column 12 to line 298, column 27 in SCS
10. Line 299, column 12 to line 299, column 31 in SCS
11. Line 300, column 12 to line 300, column 31 in SCS
12. Line 301, column 12 to line 301, column 33 in SCS
13. Line 302, column 12 to line 302, column 31 in SCS


@!@!@ENDMSG 2103 @!@!@
@!@!@STARTMSG 2201:0 @!@!@
The coverage statistics at 2020-01-09 18:46:01
@!@!@ENDMSG 2201 @!@!@
@!@!@STARTMSG 2773:0 @!@!@
<Init line 290, col 1 to line 290, col 4 of module SCS>: 2:2
@!@!@ENDMSG 2773 @!@!@
@!@!@STARTMSG 2221:0 @!@!@
  line 290, col 9 to line 302, col 31 of module SCS: 2
@!@!@ENDMSG 2221 @!@!@
@!@!@STARTMSG 2772:0 @!@!@
<Brake line 318, col 1 to line 318, col 5 of module SCS>: 0:0
@!@!@ENDMSG 2772 @!@!@
@!@!@STARTMSG 2221:0 @!@!@
  line 322, col 13 to line 322, col 37 of module SCS: 0
@!@!@ENDMSG 2221 @!@!@
@!@!@STARTMSG 2221:0 @!@!@
  line 323, col 13 to line 323, col 33 of module SCS: 0
@!@!@ENDMSG 2221 @!@!@
@!@!@STARTMSG 2221:0 @!@!@
  line 324, col 13 to line 324, col 50 of module SCS: 0
@!@!@ENDMSG 2221 @!@!@
@!@!@STARTMSG 2221:0 @!@!@
  line 325, col 13 to line 326, col 77 of module SCS: 0
@!@!@ENDMSG 2221 @!@!@
@!@!@STARTMSG 2772:0 @!@!@
<DecreaseFrontCarGap line 333, col 1 to line 333, col 19 of module SCS>: 0:0
@!@!@ENDMSG 2772 @!@!@
@!@!@STARTMSG 2221:0 @!@!@
  line 338, col 37 to line 338, col 56 of module SCS: 0
@!@!@ENDMSG 2221 @!@!@
@!@!@STARTMSG 2221:0 @!@!@
  line 339, col 37 to line 339, col 56 of module SCS: 0
@!@!@ENDMSG 2221 @!@!@
@!@!@STARTMSG 2221:0 @!@!@
  line 341, col 44 to line 341, col 64 of module SCS: 0
@!@!@ENDMSG 2221 @!@!@
@!@!@STARTMSG 2221:0 @!@!@
  line 342, col 44 to line 342, col 63 of module SCS: 0
@!@!@ENDMSG 2221 @!@!@
@!@!@STARTMSG 2221:0 @!@!@
  line 343, col 44 to line 343, col 64 of module SCS: 0
@!@!@ENDMSG 2221 @!@!@
@!@!@STARTMSG 2221:0 @!@!@
  line 344, col 44 to line 344, col 64 of module SCS: 0
@!@!@ENDMSG 2221 @!@!@
@!@!@STARTMSG 2221:0 @!@!@
  line 345, col 27 to line 345, col 57 of module SCS: 0
@!@!@ENDMSG 2221 @!@!@
@!@!@STARTMSG 2221:0 @!@!@
  line 346, col 27 to line 347, col 81 of module SCS: 0
@!@!@ENDMSG 2221 @!@!@
@!@!@STARTMSG 2772:0 @!@!@
<DecreaseSpeed line 352, col 1 to line 352, col 13 of module SCS>: 0:0
@!@!@ENDMSG 2772 @!@!@
@!@!@STARTMSG 2221:0 @!@!@
  line 358, col 21 to line 358, col 58 of module SCS: 0
@!@!@ENDMSG 2221 @!@!@
@!@!@STARTMSG 2221:0 @!@!@
  line 359, col 21 to line 361, col 62 of module SCS: 0
@!@!@ENDMSG 2221 @!@!@
@!@!@STARTMSG 2772:0 @!@!@
<EqualsDesiredSpeed line 367, col 1 to line 367, col 18 of module SCS>: 0:0
@!@!@ENDMSG 2772 @!@!@
@!@!@STARTMSG 2221:0 @!@!@
  line 312, col 34 to line 312, col 51 of module SCS: 0
@!@!@ENDMSG 2221 @!@!@
@!@!@STARTMSG 2221:0 @!@!@
  line 313, col 34 to line 313, col 51 of module SCS: 0
@!@!@ENDMSG 2221 @!@!@
@!@!@STARTMSG 2221:0 @!@!@
  line 375, col 26 to line 377, col 67 of module SCS: 0
@!@!@ENDMSG 2221 @!@!@
@!@!@STARTMSG 2772:0 @!@!@
<IncreaseFrontCarGap line 383, col 1 to line 383, col 19 of module SCS>: 0:0
@!@!@ENDMSG 2772 @!@!@
@!@!@STARTMSG 2221:0 @!@!@
  line 389, col 37 to line 389, col 57 of module SCS: 0
@!@!@ENDMSG 2221 @!@!@
@!@!@STARTMSG 2221:0 @!@!@
  line 390, col 37 to line 390, col 56 of module SCS: 0
@!@!@ENDMSG 2221 @!@!@
@!@!@STARTMSG 2221:0 @!@!@
  line 391, col 27 to line 391, col 47 of module SCS: 0
@!@!@ENDMSG 2221 @!@!@
@!@!@STARTMSG 2221:0 @!@!@
  line 392, col 27 to line 392, col 57 of module SCS: 0
@!@!@ENDMSG 2221 @!@!@
@!@!@STARTMSG 2221:0 @!@!@
  line 393, col 27 to line 394, col 81 of module SCS: 0
@!@!@ENDMSG 2221 @!@!@
@!@!@STARTMSG 2772:0 @!@!@
<IncreaseSpeed line 400, col 1 to line 400, col 13 of module SCS>: 0:0
@!@!@ENDMSG 2772 @!@!@
@!@!@STARTMSG 2221:0 @!@!@
  line 413, col 21 to line 413, col 45 of module SCS: 0
@!@!@ENDMSG 2221 @!@!@
@!@!@STARTMSG 2221:0 @!@!@
  line 414, col 21 to line 414, col 58 of module SCS: 0
@!@!@ENDMSG 2221 @!@!@
@!@!@STARTMSG 2221:0 @!@!@
  line 415, col 21 to line 417, col 51 of module SCS: 0
@!@!@ENDMSG 2221 @!@!@
@!@!@STARTMSG 2772:0 @!@!@
<NothingChanges line 422, col 1 to line 422, col 14 of module SCS>: 0:0
@!@!@ENDMSG 2772 @!@!@
@!@!@STARTMSG 2221:0 @!@!@
  line 425, col 22 to line 427, col 70 of module SCS: 0
@!@!@ENDMSG 2221 @!@!@
@!@!@STARTMSG 2772:0 @!@!@
<ReleaseBrakePedal line 433, col 1 to line 433, col 17 of module SCS>: 0:0
@!@!@ENDMSG 2772 @!@!@
@!@!@STARTMSG 2221:0 @!@!@
  line 437, col 25 to line 437, col 51 of module SCS: 0
@!@!@ENDMSG 2221 @!@!@
@!@!@STARTMSG 2221:0 @!@!@
  line 438, col 25 to line 440, col 62 of module SCS: 0
@!@!@ENDMSG 2221 @!@!@
@!@!@STARTMSG 2772:0 @!@!@
<ReleaseGasPedal line 446, col 1 to line 446, col 15 of module SCS>: 0:0
@!@!@ENDMSG 2772 @!@!@
@!@!@STARTMSG 2221:0 @!@!@
  line 450, col 23 to line 450, col 49 of module SCS: 0
@!@!@ENDMSG 2221 @!@!@
@!@!@STARTMSG 2221:0 @!@!@
  line 451, col 23 to line 453, col 60 of module SCS: 0
@!@!@ENDMSG 2221 @!@!@
@!@!@STARTMSG 2772:0 @!@!@
<TurnLever0 line 458, col 1 to line 458, col 10 of module SCS>: 0:0
@!@!@ENDMSG 2772 @!@!@
@!@!@STARTMSG 2221:0 @!@!@
  line 461, col 18 to line 461, col 34 of module SCS: 0
@!@!@ENDMSG 2221 @!@!@
@!@!@STARTMSG 2221:0 @!@!@
  line 462, col 18 to line 464, col 55 of module SCS: 0
@!@!@ENDMSG 2221 @!@!@
@!@!@STARTMSG 2772:0 @!@!@
<TurnLever1 line 469, col 1 to line 469, col 10 of module SCS>: 0:0
@!@!@ENDMSG 2772 @!@!@
@!@!@STARTMSG 2221:0 @!@!@
  line 477, col 18 to line 477, col 40 of module SCS: 0
@!@!@ENDMSG 2221 @!@!@
@!@!@STARTMSG 2221:0 @!@!@
  line 478, col 18 to line 478, col 39 of module SCS: 0
@!@!@ENDMSG 2221 @!@!@
@!@!@STARTMSG 2221:0 @!@!@
  line 479, col 18 to line 479, col 39 of module SCS: 0
@!@!@ENDMSG 2221 @!@!@
@!@!@STARTMSG 2221:0 @!@!@
  line 480, col 18 to line 480, col 36 of module SCS: 0
@!@!@ENDMSG 2221 @!@!@
@!@!@STARTMSG 2221:0 @!@!@
  line 481, col 18 to line 481, col 40 of module SCS: 0
@!@!@ENDMSG 2221 @!@!@
@!@!@STARTMSG 2221:0 @!@!@
  line 483, col 28 to line 483, col 48 of module SCS: 0
@!@!@ENDMSG 2221 @!@!@
@!@!@STARTMSG 2221:0 @!@!@
  line 484, col 28 to line 484, col 48 of module SCS: 0
@!@!@ENDMSG 2221 @!@!@
@!@!@STARTMSG 2221:0 @!@!@
  line 485, col 28 to line 485, col 55 of module SCS: 0
@!@!@ENDMSG 2221 @!@!@
@!@!@STARTMSG 2221:0 @!@!@
  line 312, col 34 to line 312, col 51 of module SCS: 0
@!@!@ENDMSG 2221 @!@!@
@!@!@STARTMSG 2221:0 @!@!@
  line 313, col 34 to line 313, col 51 of module SCS: 0
@!@!@ENDMSG 2221 @!@!@
@!@!@STARTMSG 2221:0 @!@!@
  line 487, col 18 to line 488, col 36 of module SCS: 0
@!@!@ENDMSG 2221 @!@!@
@!@!@STARTMSG 2772:0 @!@!@
<TurnLever2 line 494, col 1 to line 494, col 10 of module SCS>: 0:0
@!@!@ENDMSG 2772 @!@!@
@!@!@STARTMSG 2221:0 @!@!@
  line 498, col 18 to line 498, col 34 of module SCS: 0
@!@!@ENDMSG 2221 @!@!@
@!@!@STARTMSG 2221:0 @!@!@
  line 502, col 24 to line 502, col 51 of module SCS: 0
@!@!@ENDMSG 2221 @!@!@
@!@!@STARTMSG 2221:0 @!@!@
  line 503, col 24 to line 503, col 68 of module SCS: 0
@!@!@ENDMSG 2221 @!@!@
@!@!@STARTMSG 2221:0 @!@!@
  line 507, col 24 to line 507, col 68 of module SCS: 0
@!@!@ENDMSG 2221 @!@!@
@!@!@STARTMSG 2221:0 @!@!@
  line 508, col 24 to line 508, col 51 of module SCS: 0
@!@!@ENDMSG 2221 @!@!@
@!@!@STARTMSG 2221:0 @!@!@
  line 512, col 24 to line 512, col 51 of module SCS: 0
@!@!@ENDMSG 2221 @!@!@
@!@!@STARTMSG 2221:0 @!@!@
  line 513, col 24 to line 513, col 44 of module SCS: 0
@!@!@ENDMSG 2221 @!@!@
@!@!@STARTMSG 2221:0 @!@!@
  line 514, col 18 to line 515, col 69 of module SCS: 0
@!@!@ENDMSG 2221 @!@!@
@!@!@STARTMSG 2772:0 @!@!@
<TurnLever3 line 522, col 1 to line 522, col 10 of module SCS>: 0:0
@!@!@ENDMSG 2772 @!@!@
@!@!@STARTMSG 2221:0 @!@!@
  line 526, col 18 to line 526, col 34 of module SCS: 0
@!@!@ENDMSG 2221 @!@!@
@!@!@STARTMSG 2221:0 @!@!@
  line 530, col 24 to line 530, col 51 of module SCS: 0
@!@!@ENDMSG 2221 @!@!@
@!@!@STARTMSG 2221:0 @!@!@
  line 531, col 24 to line 531, col 68 of module SCS: 0
@!@!@ENDMSG 2221 @!@!@
@!@!@STARTMSG 2221:0 @!@!@
  line 536, col 24 to line 536, col 68 of module SCS: 0
@!@!@ENDMSG 2221 @!@!@
@!@!@STARTMSG 2221:0 @!@!@
  line 537, col 24 to line 537, col 51 of module SCS: 0
@!@!@ENDMSG 2221 @!@!@
@!@!@STARTMSG 2221:0 @!@!@
  line 541, col 24 to line 541, col 51 of module SCS: 0
@!@!@ENDMSG 2221 @!@!@
@!@!@STARTMSG 2221:0 @!@!@
  line 542, col 24 to line 542, col 44 of module SCS: 0
@!@!@ENDMSG 2221 @!@!@
@!@!@STARTMSG 2221:0 @!@!@
  line 543, col 18 to line 545, col 43 of module SCS: 0
@!@!@ENDMSG 2221 @!@!@
@!@!@STARTMSG 2772:0 @!@!@
<TurnLever4 line 550, col 1 to line 550, col 10 of module SCS>: 0:0
@!@!@ENDMSG 2772 @!@!@
@!@!@STARTMSG 2221:0 @!@!@
  line 556, col 18 to line 556, col 38 of module SCS: 0
@!@!@ENDMSG 2221 @!@!@
@!@!@STARTMSG 2221:0 @!@!@
  line 557, col 18 to line 557, col 38 of module SCS: 0
@!@!@ENDMSG 2221 @!@!@
@!@!@STARTMSG 2221:0 @!@!@
  line 558, col 18 to line 558, col 37 of module SCS: 0
@!@!@ENDMSG 2221 @!@!@
@!@!@STARTMSG 2221:0 @!@!@
  line 559, col 18 to line 559, col 34 of module SCS: 0
@!@!@ENDMSG 2221 @!@!@
@!@!@STARTMSG 2221:0 @!@!@
  line 560, col 18 to line 560, col 38 of module SCS: 0
@!@!@ENDMSG 2221 @!@!@
@!@!@STARTMSG 2221:0 @!@!@
  line 561, col 18 to line 561, col 38 of module SCS: 0
@!@!@ENDMSG 2221 @!@!@
@!@!@STARTMSG 2221:0 @!@!@
  line 562, col 18 to line 562, col 38 of module SCS: 0
@!@!@ENDMSG 2221 @!@!@
@!@!@STARTMSG 2221:0 @!@!@
  line 563, col 18 to line 564, col 45 of module SCS: 0
@!@!@ENDMSG 2221 @!@!@
@!@!@STARTMSG 2772:0 @!@!@
<TurnLever5 line 569, col 1 to line 569, col 10 of module SCS>: 0:0
@!@!@ENDMSG 2772 @!@!@
@!@!@STARTMSG 2221:0 @!@!@
  line 575, col 18 to line 575, col 34 of module SCS: 0
@!@!@ENDMSG 2221 @!@!@
@!@!@STARTMSG 2221:0 @!@!@
  line 577, col 24 to line 577, col 38 of module SCS: 0
@!@!@ENDMSG 2221 @!@!@
@!@!@STARTMSG 2221:0 @!@!@
  line 578, col 24 to line 578, col 38 of module SCS: 0
@!@!@ENDMSG 2221 @!@!@
@!@!@STARTMSG 2221:0 @!@!@
  line 580, col 24 to line 580, col 37 of module SCS: 0
@!@!@ENDMSG 2221 @!@!@
@!@!@STARTMSG 2221:0 @!@!@
  line 581, col 24 to line 581, col 37 of module SCS: 0
@!@!@ENDMSG 2221 @!@!@
@!@!@STARTMSG 2221:0 @!@!@
  line 582, col 18 to line 584, col 40 of module SCS: 0
@!@!@ENDMSG 2221 @!@!@
@!@!@STARTMSG 2772:0 @!@!@
<TurnEngineOff line 589, col 1 to line 589, col 13 of module SCS>: 0:0
@!@!@ENDMSG 2772 @!@!@
@!@!@STARTMSG 2221:0 @!@!@
  line 593, col 21 to line 593, col 41 of module SCS: 0
@!@!@ENDMSG 2221 @!@!@
@!@!@STARTMSG 2221:0 @!@!@
  line 594, col 21 to line 594, col 41 of module SCS: 0
@!@!@ENDMSG 2221 @!@!@
@!@!@STARTMSG 2221:0 @!@!@
  line 595, col 21 to line 595, col 40 of module SCS: 0
@!@!@ENDMSG 2221 @!@!@
@!@!@STARTMSG 2221:0 @!@!@
  line 596, col 21 to line 596, col 40 of module SCS: 0
@!@!@ENDMSG 2221 @!@!@
@!@!@STARTMSG 2221:0 @!@!@
  line 597, col 21 to line 597, col 41 of module SCS: 0
@!@!@ENDMSG 2221 @!@!@
@!@!@STARTMSG 2221:0 @!@!@
  line 598, col 21 to line 598, col 40 of module SCS: 0
@!@!@ENDMSG 2221 @!@!@
@!@!@STARTMSG 2221:0 @!@!@
  line 599, col 21 to line 599, col 37 of module SCS: 0
@!@!@ENDMSG 2221 @!@!@
@!@!@STARTMSG 2221:0 @!@!@
  line 600, col 21 to line 600, col 41 of module SCS: 0
@!@!@ENDMSG 2221 @!@!@
@!@!@STARTMSG 2221:0 @!@!@
  line 601, col 21 to line 601, col 41 of module SCS: 0
@!@!@ENDMSG 2221 @!@!@
@!@!@STARTMSG 2221:0 @!@!@
  line 602, col 21 to line 602, col 43 of module SCS: 0
@!@!@ENDMSG 2221 @!@!@
@!@!@STARTMSG 2221:0 @!@!@
  line 603, col 21 to line 603, col 65 of module SCS: 0
@!@!@ENDMSG 2221 @!@!@
@!@!@STARTMSG 2772:0 @!@!@
<TurnEngineOn line 608, col 1 to line 608, col 12 of module SCS>: 0:0
@!@!@ENDMSG 2772 @!@!@
@!@!@STARTMSG 2221:0 @!@!@
  line 614, col 20 to line 614, col 39 of module SCS: 0
@!@!@ENDMSG 2221 @!@!@
@!@!@STARTMSG 2221:0 @!@!@
  line 615, col 20 to line 615, col 39 of module SCS: 0
@!@!@ENDMSG 2221 @!@!@
@!@!@STARTMSG 2221:0 @!@!@
  line 616, col 20 to line 616, col 36 of module SCS: 0
@!@!@ENDMSG 2221 @!@!@
@!@!@STARTMSG 2221:0 @!@!@
  line 617, col 20 to line 617, col 36 of module SCS: 0
@!@!@ENDMSG 2221 @!@!@
@!@!@STARTMSG 2221:0 @!@!@
  line 618, col 20 to line 619, col 77 of module SCS: 0
@!@!@ENDMSG 2221 @!@!@
@!@!@STARTMSG 2774:0 @!@!@
<TypeOK line 258, col 1 to line 258, col 6 of module SCS>
@!@!@ENDMSG 2774 @!@!@
@!@!@STARTMSG 2221:0 @!@!@
  line 258, col 11 to line 270, col 43 of module SCS: 2
@!@!@ENDMSG 2221 @!@!@
@!@!@STARTMSG 2774:0 @!@!@
<SCSsOK line 221, col 1 to line 221, col 6 of module SCS>
@!@!@ENDMSG 2774 @!@!@
@!@!@STARTMSG 2221:0 @!@!@
  line 221, col 11 to line 242, col 18 of module SCS: 2
@!@!@ENDMSG 2221 @!@!@
@!@!@STARTMSG 2202:0 @!@!@
End of statistics.
@!@!@ENDMSG 2202 @!@!@
@!@!@STARTMSG 2200:0 @!@!@
Progress(1) at 2020-01-09 18:46:01: 1 states generated (46 s/min), 1 distinct states found (46 ds/min), 1 states left on queue.
@!@!@ENDMSG 2200 @!@!@
@!@!@STARTMSG 2199:0 @!@!@
1 states generated, 1 distinct states found, 1 states left on queue.
@!@!@ENDMSG 2199 @!@!@
@!@!@STARTMSG 2186:0 @!@!@
Finished in 1304ms at (2020-01-09 18:46:01)
@!@!@ENDMSG 2186 @!@!@
