This is pdfTeX, Version 3.14159265-2.6-1.40.18 (TeX Live 2017/Debian) (preloaded format=pdflatex 2019.12.30)  8 JAN 2020 15:14
entering extended mode
 restricted \write18 enabled.
 %&-line parsing enabled.
**SCS.tex
(./SCS.tex
LaTeX2e <2017-04-15>
Babel <3.18> and hyphenation patterns for 3 language(s) loaded.

(/usr/share/texlive/texmf-dist/tex/latex/base/article.cls
Document Class: article 2014/09/29 v1.4h Standard LaTeX document class
(/usr/share/texlive/texmf-dist/tex/latex/base/size10.clo
File: size10.clo 2014/09/29 v1.4h Standard LaTeX file (size option)
)
\c@part=\count79
\c@section=\count80
\c@subsection=\count81
\c@subsubsection=\count82
\c@paragraph=\count83
\c@subparagraph=\count84
\c@figure=\count85
\c@table=\count86
\abovecaptionskip=\skip41
\belowcaptionskip=\skip42
\bibindent=\dimen102
) (/usr/share/texlive/texmf-dist/tex/latex/graphics/color.sty
Package: color 2016/07/10 v1.1e Standard LaTeX Color (DPC)
(/usr/share/texlive/texmf-dist/tex/latex/graphics-cfg/color.cfg
File: color.cfg 2016/01/02 v1.6 sample color configuration
)
Package color Info: Driver file: pdftex.def on input line 147.
(/usr/share/texlive/texmf-dist/tex/latex/graphics-def/pdftex.def
File: pdftex.def 2018/01/08 v1.0l Graphics/color driver for pdftex
)) (/usr/share/texlive/texmf-dist/tex/latex/base/latexsym.sty
Package: latexsym 1998/08/17 v2.2e Standard LaTeX package (lasy symbols)
\symlasy=\mathgroup4
LaTeX Font Info:    Overwriting symbol font `lasy' in version `bold'
(Font)                  U/lasy/m/n --> U/lasy/b/n on input line 52.
) (/usr/share/texlive/texmf-dist/tex/latex/base/ifthen.sty
Package: ifthen 2014/09/29 v1.1c Standard LaTeX ifthen package (DPC)
)
\symlength=\skip43
\equalswidth=\skip44
\charwidth=\skip45
\boxrulewd=\skip46
\boxlineht=\skip47
\boxruleht=\skip48
\boxruledp=\skip49
\pcalvspace=\skip50
\lcomindent=\skip51
\@xlen=\skip52
\templena=\skip53
\templenb=\skip54
\tempboxa=\box26
\vshadelen=\skip55
\boxwidth=\skip56
\multicommentdepth=\skip57
\c@pardepth=\count87
\tempsbox=\box27
\@cparht=\skip58
\@cpardp=\skip59
\xmcomlen=\skip60
\spacewidth=\skip61
\alignboxwidth=\skip62
\alignwidth=\skip63
\alignbox=\box28
\symtlaitalics=\mathgroup5
\c@tlx@ctr=\count88
(/usr/share/texlive/texmf-dist/tex/latex/tools/verbatim.sty
Package: verbatim 2014/10/28 v1.5q LaTeX2e package for verbatim enhancements
\every@verbatim=\toks14
\verbatim@line=\toks15
\verbatim@in@stream=\read1
) (./SCS.aux)
\openout1 = `SCS.aux'.

LaTeX Font Info:    Checking defaults for OML/cmm/m/it on input line 939.
LaTeX Font Info:    ... okay on input line 939.
LaTeX Font Info:    Checking defaults for T1/cmr/m/n on input line 939.
LaTeX Font Info:    ... okay on input line 939.
LaTeX Font Info:    Checking defaults for OT1/cmr/m/n on input line 939.
LaTeX Font Info:    ... okay on input line 939.
LaTeX Font Info:    Checking defaults for OMS/cmsy/m/n on input line 939.
LaTeX Font Info:    ... okay on input line 939.
LaTeX Font Info:    Checking defaults for OMX/cmex/m/n on input line 939.
LaTeX Font Info:    ... okay on input line 939.
LaTeX Font Info:    Checking defaults for U/cmr/m/n on input line 939.
LaTeX Font Info:    ... okay on input line 939.
(/usr/share/texlive/texmf-dist/tex/context/base/mkii/supp-pdf.mkii
[Loading MPS to PDF converter (version 2006.09.02).]
\scratchcounter=\count89
\scratchdimen=\dimen103
\scratchbox=\box29
\nofMPsegments=\count90
\nofMParguments=\count91
\everyMPshowfont=\toks16
\MPscratchCnt=\count92
\MPscratchDim=\dimen104
\MPnumerator=\count93
\makeMPintoPDFobject=\count94
\everyMPtoPDFconversion=\toks17
)
LaTeX Font Info:    External font `cmex10' loaded for size
(Font)              <7> on input line 942.
LaTeX Font Info:    External font `cmex10' loaded for size
(Font)              <5> on input line 942.
LaTeX Font Info:    Try loading font information for U+lasy on input line 942.
(/usr/share/texlive/texmf-dist/tex/latex/base/ulasy.fd
File: ulasy.fd 1998/08/17 v2.2e LaTeX symbol font definitions
)
Overfull \hbox (185.4245pt too wide) in paragraph at lines 953--954
[]\OT1/cmr/m/n/8 ##############################################################
###############
 []


Overfull \hbox (185.4245pt too wide) in paragraph at lines 956--957
[]\OT1/cmr/m/n/8 ##############################################################
###############
 []


Overfull \hbox (185.4245pt too wide) in paragraph at lines 964--965
[]\OT1/cmr/m/n/8 ##############################################################
###############
 []


Overfull \hbox (185.4245pt too wide) in paragraph at lines 967--968
[]\OT1/cmr/m/n/8 ##############################################################
###############
 []


Overfull \hbox (185.4245pt too wide) in paragraph at lines 978--979
[]\OT1/cmr/m/n/8 ##############################################################
###############
 []


Overfull \hbox (185.4245pt too wide) in paragraph at lines 981--982
[]\OT1/cmr/m/n/8 ##############################################################
###############
 []


Overfull \hbox (185.4245pt too wide) in paragraph at lines 1001--1002
[]\OT1/cmr/m/n/8 ##############################################################
###############
 []


Overfull \hbox (185.4245pt too wide) in paragraph at lines 1004--1005
[]\OT1/cmr/m/n/8 ##############################################################
###############
 []

LaTeX Font Info:    External font `cmex10' loaded for size
(Font)              <8> on input line 1018.
LaTeX Font Info:    External font `cmex10' loaded for size
(Font)              <6> on input line 1018.
[1

{/var/lib/texmf/fonts/map/pdftex/updmap/pdftex.map}]
Overfull \hbox (185.4245pt too wide) in paragraph at lines 1123--1124
[]\OT1/cmr/m/n/8 ##############################################################
###############
 []


Overfull \hbox (185.4245pt too wide) in paragraph at lines 1126--1127
[]\OT1/cmr/m/n/8 ##############################################################
###############
 []

[2]
Missing character: There is no Ã in font cmr8!
Missing character: There is no © in font cmr8!
Missing character: There is no Ã in font cmr8!
Missing character: There is no ¡ in font cmr8!

Overfull \hbox (5.0593pt too wide) in paragraph at lines 1287--1288
[][] 
 []

[3]
Overfull \hbox (185.4245pt too wide) in paragraph at lines 1402--1403
[]\OT1/cmr/m/n/8 ##############################################################
###############
 []


Overfull \hbox (185.4245pt too wide) in paragraph at lines 1405--1406
[]\OT1/cmr/m/n/8 ##############################################################
###############
 []

[4]
Overfull \hbox (185.4245pt too wide) in paragraph at lines 1455--1456
[]\OT1/cmr/m/n/8 ##############################################################
###############
 []


Overfull \hbox (185.4245pt too wide) in paragraph at lines 1458--1459
[]\OT1/cmr/m/n/8 ##############################################################
###############
 []


Overfull \hbox (185.4245pt too wide) in paragraph at lines 1478--1479
[]\OT1/cmr/m/n/8 ##############################################################
###############
 []


Overfull \hbox (185.4245pt too wide) in paragraph at lines 1481--1482
[]\OT1/cmr/m/n/8 ##############################################################
###############
 []

[5]
Overfull \hbox (185.4245pt too wide) in paragraph at lines 1506--1507
[]\OT1/cmr/m/n/8 ##############################################################
###############
 []


Overfull \hbox (185.4245pt too wide) in paragraph at lines 1509--1510
[]\OT1/cmr/m/n/8 ##############################################################
###############
 []

[6] [7] [8] [9] [10] [11] [12] [13] [14]
Overfull \hbox (185.4245pt too wide) in paragraph at lines 2144--2145
[]\OT1/cmr/m/n/8 ##############################################################
###############
 []


Overfull \hbox (185.4245pt too wide) in paragraph at lines 2147--2148
[]\OT1/cmr/m/n/8 ##############################################################
###############
 []

[15]
Overfull \hbox (185.4245pt too wide) in paragraph at lines 2176--2177
[]\OT1/cmr/m/n/8 ##############################################################
###############
 []


Overfull \hbox (185.4245pt too wide) in paragraph at lines 2179--2180
[]\OT1/cmr/m/n/8 ##############################################################
###############
 []

Missing character: There is no Ã in font cmr8!
Missing character: There is no š in font cmr8!
[16] [17] (./SCS.aux) ) 
Here is how much of TeX's memory you used:
 1069 strings out of 494923
 12512 string characters out of 6180741
 82562 words of memory out of 5000000
 4423 multiletter control sequences out of 15000+600000
 9110 words of font info for 35 fonts, out of 8000000 for 9000
 14 hyphenation exceptions out of 8191
 23i,11n,25p,211b,318s stack positions out of 5000i,500n,10000p,200000b,80000s
</usr/share/texlive/texmf-dist/fonts/type1/public/amsfon
ts/cm/cmcsc10.pfb></usr/share/texlive/texmf-dist/fonts/type1/public/amsfonts/cm
/cmmi10.pfb></usr/share/texlive/texmf-dist/fonts/type1/public/amsfonts/cm/cmmi8
.pfb></usr/share/texlive/texmf-dist/fonts/type1/public/amsfonts/cm/cmr10.pfb></
usr/share/texlive/texmf-dist/fonts/type1/public/amsfonts/cm/cmr5.pfb></usr/shar
e/texlive/texmf-dist/fonts/type1/public/amsfonts/cm/cmr8.pfb></usr/share/texliv
e/texmf-dist/fonts/type1/public/amsfonts/cm/cmss10.pfb></usr/share/texlive/texm
f-dist/fonts/type1/public/amsfonts/cm/cmss8.pfb></usr/share/texlive/texmf-dist/
fonts/type1/public/amsfonts/cm/cmsy10.pfb></usr/share/texlive/texmf-dist/fonts/
type1/public/amsfonts/cm/cmsy6.pfb></usr/share/texlive/texmf-dist/fonts/type1/p
ublic/amsfonts/cm/cmsy7.pfb></usr/share/texlive/texmf-dist/fonts/type1/public/a
msfonts/cm/cmsy8.pfb></usr/share/texlive/texmf-dist/fonts/type1/public/amsfonts
/cm/cmti10.pfb></usr/share/texlive/texmf-dist/fonts/type1/public/amsfonts/cm/cm
ti8.pfb>
Output written on SCS.pdf (17 pages, 170869 bytes).
PDF statistics:
 115 PDF objects out of 1000 (max. 8388607)
 81 compressed objects within 1 object stream
 0 named destinations out of 1000 (max. 500000)
 1 words of extra memory for PDF output out of 10000 (max. 10000000)

